2018-10-31 17:03:07 INFO django.server 124 "GET /goods/ HTTP/1.1" 200 54754
2018-10-31 17:04:36 INFO django.server 124 "GET /goods/ HTTP/1.1" 200 54754
2018-10-31 17:08:52 INFO django.server 124 "GET /goods/ HTTP/1.1" 200 54754
2018-10-31 17:08:56 INFO django.server 124 "GET /goods/ HTTP/1.1" 200 54754
2018-10-31 17:08:58 INFO django.server 124 "GET /goods/ HTTP/1.1" 200 54754
2018-10-31 17:13:46 INFO django.server 124 "GET /goods/ HTTP/1.1" 200 54754
2018-11-01 16:16:05 INFO django.server 124 "GET /social/complete/weibo HTTP/1.1" 301 0
2018-11-01 16:16:08 ERROR django.server 124 "GET /social/complete/weibo/ HTTP/1.1" 500 110186
2018-11-01 22:16:05 INFO django.server 124 "GET / HTTP/1.1" 200 6751
2018-11-01 22:16:14 ERROR django.server 124 "GET /userfavs/ HTTP/1.1" 500 107578
2018-11-01 22:17:18 INFO django.server 124 "GET / HTTP/1.1" 200 6751
2018-11-01 22:17:24 ERROR django.server 124 "GET /userfavs/ HTTP/1.1" 500 107633
2018-11-02 07:40:44 INFO django.server 124 "GET /xadmin/goods/goods/ HTTP/1.1" 200 220410
2018-11-02 07:40:45 INFO django.server 124 "GET /xadmin/jsi18n/ HTTP/1.1" 200 4828
2018-11-02 07:40:59 WARNING django.server 124 "GET /hotsearchs/ HTTP/1.1" 404 11133
2018-11-02 07:41:00 INFO django.server 124 "GET /banners/ HTTP/1.1" 200 428
2018-11-02 07:41:00 INFO django.server 124 "GET /media/banner/banner3.jpg HTTP/1.1" 200 106264
2018-11-02 07:41:00 INFO django.server 124 "GET /media/banner/banner2.jpg HTTP/1.1" 200 118996
2018-11-02 07:41:01 INFO django.server 124 "GET /media/banner/banner1.jpg HTTP/1.1" 200 344055
2018-11-02 07:41:01 INFO django.server 124 "GET /goods/?is_new=true HTTP/1.1" 200 3559
2018-11-02 07:41:01 INFO django.server 124 "GET /media/goods/images/23_P_1448948070348.jpg HTTP/1.1" 200 312223
2018-11-02 07:41:01 INFO django.server 124 "GET /categorys/ HTTP/1.1" 200 19609
2018-11-02 07:41:02 INFO django.server 124 "GET /media/goods/images/29_P_1448947631994.jpg HTTP/1.1" 200 195066
2018-11-02 07:41:03 INFO django.server 124 "GET /indexgoods/ HTTP/1.1" 200 35269
2018-11-02 07:41:04 INFO django.server 124 "GET /media/brand/sxsp-2.jpg HTTP/1.1" 200 10158
2018-11-02 07:41:07 WARNING django.server 124 "GET /media/images/201705/goods_img/53_P_1495068879687.jpg HTTP/1.1" 404 1916
2018-11-02 07:41:07 INFO django.server 124 "GET /media/brand/sxsp-1.jpg HTTP/1.1" 200 8889
2018-11-02 07:41:07 INFO django.server 124 "GET /media/brand/sxsp-3.jpg HTTP/1.1" 200 6958
2018-11-02 07:41:07 INFO django.server 124 "GET /media/goods/images/5_P_1448945270390.jpg HTTP/1.1" 200 133689
2018-11-02 07:41:08 INFO django.server 124 "GET /media/goods/images/109951163314904028.jpg HTTP/1.1" 200 79101
2018-11-02 07:41:08 INFO django.server 124 "GET /media/goods/images/37_P_1448949284365.jpg HTTP/1.1" 200 258011
2018-11-02 07:41:08 INFO django.server 124 "GET /media/goods/images/38_P_1448949220255.jpg HTTP/1.1" 200 264184
2018-11-02 07:41:08 INFO django.server 124 "GET /media/goods/images/44_P_1448948850187.jpg HTTP/1.1" 200 273707
2018-11-02 07:41:08 INFO django.server 124 "GET / HTTP/1.1" 200 6751
2018-11-02 07:41:08 INFO django.server 124 "GET /media/goods/images/40_P_1448949038702.jpg HTTP/1.1" 200 258083
2018-11-02 07:41:08 INFO django.server 124 "GET /media/goods/images/39_P_1448949115481.jpg HTTP/1.1" 200 582231
2018-11-02 07:41:08 INFO django.server 124 "GET /media/goods/images/41_P_1448948980358.jpg HTTP/1.1" 200 163840
2018-11-02 07:41:08 ERROR django.server 124 "GET /media/goods/images/41_P_1448948980358.jpg HTTP/1.1" 500 59
2018-11-02 07:41:08 INFO django.server 124 "GET /media/goods/images/42_P_1448948895193.jpg HTTP/1.1" 200 139264
2018-11-02 07:41:08 ERROR django.server 124 "GET /media/goods/images/42_P_1448948895193.jpg HTTP/1.1" 500 59
2018-11-02 07:41:08 INFO django.server 124 "GET /static/rest_framework/css/prettify.css HTTP/1.1" 304 0
2018-11-02 07:41:08 INFO django.server 124 "GET /static/rest_framework/css/default.css HTTP/1.1" 304 0
2018-11-02 07:41:08 INFO django.server 124 "GET /static/rest_framework/js/jquery-3.3.1.min.js HTTP/1.1" 304 0
2018-11-02 07:41:08 INFO django.server 124 "GET /static/rest_framework/js/ajax-form.js HTTP/1.1" 304 0
2018-11-02 07:41:08 INFO django.server 124 "GET /static/rest_framework/js/csrf.js HTTP/1.1" 304 0
2018-11-02 07:41:08 INFO django.server 124 "GET /static/rest_framework/js/bootstrap.min.js HTTP/1.1" 304 0
2018-11-02 07:41:09 INFO django.server 124 "GET /static/rest_framework/js/prettify-min.js HTTP/1.1" 304 0
2018-11-02 07:41:09 INFO django.server 124 "GET /static/rest_framework/js/default.js HTTP/1.1" 304 0
2018-11-02 07:41:09 INFO django.server 124 "GET /static/rest_framework/css/bootstrap-tweaks.css HTTP/1.1" 200 3385
2018-11-02 07:41:09 INFO django.server 124 "GET /static/rest_framework/css/bootstrap.min.css HTTP/1.1" 200 121200
2018-11-02 07:41:09 INFO django.server 124 "GET /static/rest_framework/img/grid.png HTTP/1.1" 304 0
2018-11-02 07:41:14 ERROR django.server 124 "GET /userfavs/ HTTP/1.1" 500 107634
2018-11-06 10:38:47 INFO django.server 124 "GET / HTTP/1.1" 200 6751
2018-11-06 10:38:47 INFO django.server 124 "GET /static/rest_framework/css/prettify.css HTTP/1.1" 304 0
2018-11-06 10:38:47 INFO django.server 124 "GET /static/rest_framework/css/default.css HTTP/1.1" 304 0
2018-11-06 10:38:47 INFO django.server 124 "GET /static/rest_framework/js/ajax-form.js HTTP/1.1" 304 0
2018-11-06 10:38:47 INFO django.server 124 "GET /static/rest_framework/js/csrf.js HTTP/1.1" 304 0
2018-11-06 10:38:47 INFO django.server 124 "GET /static/rest_framework/js/bootstrap.min.js HTTP/1.1" 304 0
2018-11-06 10:38:47 INFO django.server 124 "GET /static/rest_framework/js/jquery-3.3.1.min.js HTTP/1.1" 304 0
2018-11-06 10:38:47 INFO django.server 124 "GET /static/rest_framework/css/bootstrap-tweaks.css HTTP/1.1" 200 3385
2018-11-06 10:38:47 INFO django.server 124 "GET /static/rest_framework/js/prettify-min.js HTTP/1.1" 304 0
2018-11-06 10:38:47 INFO django.server 124 "GET /static/rest_framework/js/default.js HTTP/1.1" 304 0
2018-11-06 10:38:47 INFO django.server 124 "GET /static/rest_framework/css/bootstrap.min.css HTTP/1.1" 200 121200
2018-11-06 10:38:48 INFO django.server 124 "GET /static/rest_framework/img/grid.png HTTP/1.1" 304 0
2018-11-06 10:38:48 WARNING django.server 124 "GET /favicon.ico HTTP/1.1" 404 11133
2018-11-06 10:38:55 INFO django.server 124 "GET /goods/ HTTP/1.1" 200 54754
2018-11-06 10:38:55 INFO django.server 124 "GET /static/rest_framework/fonts/glyphicons-halflings-regular.woff2 HTTP/1.1" 304 0
2018-11-06 10:42:15 ERROR django.server 124 "GET /goods/ HTTP/1.1" 500 141141
2018-11-06 10:45:03 INFO django.server 124 "GET /goods/ HTTP/1.1" 200 54754
